INFO:__main__:Read configuration file.
INFO:__main__:Loaded 655 documents
WARNING:__main__:Error in contents
INFO:__main__:Ref id: 58e4ce00fe7683152b5627c1
WARNING:__main__:Error in contents
INFO:__main__:Ref id: 58e4ce00fe7683152b56fc22
WARNING:__main__:Error in contents
INFO:__main__:Ref id: 58e4ce00fe7683152b57078b
WARNING:__main__:Error in contents
INFO:__main__:Ref id: 58e4ce00fe7683152b571de5
WARNING:__main__:Error in contents
INFO:__main__:Ref id: 58e4ce00fe7683152b572aea
WARNING:__main__:Error in contents
INFO:__main__:Ref id: 58e4ce00fe7683152b575776
WARNING:__main__:Error in contents
INFO:__main__:Ref id: 58e4ce00fe7683152b5773b1
WARNING:__main__:Error in contents
INFO:__main__:Ref id: 58e4ce01fe7683152b57c072
WARNING:__main__:Error in contents
INFO:__main__:Ref id: 58e4ce01fe7683152b580a31
WARNING:__main__:Error in contents
INFO:__main__:Ref id: 58e4ce01fe7683152b580e54
WARNING:__main__:Error in contents
INFO:__main__:Ref id: 58e4ce01fe7683152b5814eb
WARNING:__main__:Error in contents
INFO:__main__:Ref id: 58e4ce01fe7683152b58694e
WARNING:__main__:Error in contents
INFO:__main__:Ref id: 58e4ce01fe7683152b591c71
WARNING:__main__:Error in contents
INFO:__main__:Ref id: 58e4ce01fe7683152b591cd3
WARNING:__main__:Error in contents
INFO:__main__:Ref id: 58e4ce01fe7683152b59b504
WARNING:__main__:Error in contents
INFO:__main__:Ref id: 58e4ce01fe7683152b59e1d9
WARNING:__main__:Error in contents
INFO:__main__:Ref id: 58e4ce01fe7683152b5a0d5c
WARNING:__main__:Error in contents
INFO:__main__:Ref id: 58e4ce02fe7683152b5aa392
WARNING:__main__:Error in contents
INFO:__main__:Ref id: 591463acfb15c81221c3a060
WARNING:__main__:Error in contents
INFO:__main__:Ref id: 591463acfb15c81221c3a065
WARNING:__main__:Error in contents
INFO:__main__:Ref id: 591463acfb15c81221c3a1dc
WARNING:__main__:Error in contents
INFO:__main__:Ref id: 591463acfb15c81221c3a24b
WARNING:__main__:Error in contents
INFO:__main__:Ref id: 591463acfb15c81221c3a364
WARNING:__main__:Error in contents
INFO:__main__:Ref id: 591463acfb15c81221c3a376
WARNING:__main__:Error in contents
INFO:__main__:Ref id: 591463acfb15c81221c3a3db
WARNING:__main__:Error in contents
INFO:__main__:Ref id: 591463acfb15c81221c3a5fb
WARNING:__main__:Error in contents
INFO:__main__:Ref id: 591463acfb15c81221c3a642
WARNING:__main__:Error in contents
INFO:__main__:Ref id: 591463acfb15c81221c3a8f9
WARNING:__main__:Error in contents
INFO:__main__:Ref id: 591463acfb15c81221c3a967
WARNING:__main__:Error in contents
INFO:__main__:Ref id: 591463acfb15c81221c3ba2e
WARNING:__main__:Error in contents
INFO:__main__:Ref id: 591463acfb15c81221c3ba59
WARNING:__main__:Error in contents
INFO:__main__:Ref id: 591463acfb15c81221c3ba7a
WARNING:__main__:Error in contents
INFO:__main__:Ref id: 591463acfb15c81221c3baab
WARNING:__main__:Error in contents
INFO:__main__:Ref id: 591463acfb15c81221c3bb29
WARNING:__main__:Error in contents
INFO:__main__:Ref id: 591463acfb15c81221c3bc17
WARNING:__main__:Error in contents
INFO:__main__:Ref id: 591463acfb15c81221c3c582
WARNING:__main__:Error in contents
INFO:__main__:Ref id: 591463acfb15c81221c3c61b
WARNING:__main__:Error in contents
INFO:__main__:Ref id: 591463acfb15c81221c3c6cf
WARNING:__main__:Error in contents
INFO:__main__:Ref id: 591463acfb15c81221c3c702
WARNING:__main__:Error in contents
INFO:__main__:Ref id: 591463acfb15c81221c3c71c
WARNING:__main__:Error in contents
INFO:__main__:Ref id: 591463acfb15c81221c3d045
WARNING:__main__:Error in contents
INFO:__main__:Ref id: 591463acfb15c81221c3d203
WARNING:__main__:Error in contents
INFO:__main__:Ref id: 591463acfb15c81221c42628
WARNING:__main__:Error in contents
INFO:__main__:Ref id: 591463acfb15c81221c4320b
WARNING:__main__:Error in contents
INFO:__main__:Ref id: 591463acfb15c81221c4321c
WARNING:__main__:Error in contents
INFO:__main__:Ref id: 591463acfb15c81221c43404
WARNING:__main__:Error in contents
INFO:__main__:Ref id: 591463acfb15c81221c43415
WARNING:__main__:Error in contents
INFO:__main__:Ref id: 591463acfb15c81221c4356e
WARNING:__main__:Error in contents
INFO:__main__:Ref id: 591463acfb15c81221c4502c
WARNING:__main__:Error in contents
INFO:__main__:Ref id: 591463acfb15c81221c45053
WARNING:__main__:Error in contents
INFO:__main__:Ref id: 591463acfb15c81221c45094
WARNING:__main__:Error in contents
INFO:__main__:Ref id: 591463acfb15c81221c4b51e
WARNING:__main__:Error in contents
INFO:__main__:Ref id: 591463acfb15c81221c4b619
WARNING:__main__:Error in contents
INFO:__main__:Ref id: 591463acfb15c81221c4b652
WARNING:__main__:Error in contents
INFO:__main__:Ref id: 591463acfb15c81221c4b93f
WARNING:__main__:Error in contents
INFO:__main__:Ref id: 591463acfb15c81221c4b97e
WARNING:__main__:Error in contents
INFO:__main__:Ref id: 591463acfb15c81221c4b98c
WARNING:__main__:Error in contents
INFO:__main__:Ref id: 591463acfb15c81221c4f808
WARNING:__main__:Error in contents
INFO:__main__:Ref id: 591463adfb15c81221c51171
WARNING:__main__:Error in contents
INFO:__main__:Ref id: 591463adfb15c81221c51339
WARNING:__main__:Error in contents
INFO:__main__:Ref id: 591463adfb15c81221c51426
WARNING:__main__:Error in contents
INFO:__main__:Ref id: 591463adfb15c81221c59af1
WARNING:__main__:Error in contents
INFO:__main__:Ref id: 591463adfb15c81221c59b04
WARNING:__main__:Error in contents
INFO:__main__:Ref id: 591463adfb15c81221c59dc6
WARNING:__main__:Error in contents
INFO:__main__:Ref id: 591463adfb15c81221c5a010
WARNING:__main__:Error in contents
INFO:__main__:Ref id: 591463adfb15c81221c5c31b
WARNING:__main__:Error in contents
INFO:__main__:Ref id: 591463adfb15c81221c5c458
WARNING:__main__:Error in contents
INFO:__main__:Ref id: 591463adfb15c81221c5c461
WARNING:__main__:Error in contents
INFO:__main__:Ref id: 591463adfb15c81221c5c486
WARNING:__main__:Error in contents
INFO:__main__:Ref id: 591463adfb15c81221c5c8cb
WARNING:__main__:Error in contents
INFO:__main__:Ref id: 591463adfb15c81221c5cb32
WARNING:__main__:Error in contents
INFO:__main__:Ref id: 591463adfb15c81221c5f11e
WARNING:__main__:Error in contents
INFO:__main__:Ref id: 591463adfb15c81221c60aa0
WARNING:__main__:Error in contents
INFO:__main__:Ref id: 591463adfb15c81221c60c19
WARNING:__main__:Error in contents
INFO:__main__:Ref id: 591463adfb15c81221c6b64a
WARNING:__main__:Error in contents
INFO:__main__:Ref id: 591463aefb15c81221c6df1f
WARNING:__main__:Error in contents
INFO:__main__:Ref id: 591463aefb15c81221c6f9b2
WARNING:__main__:Error in contents
INFO:__main__:Ref id: 591463aefb15c81221c6fb87
WARNING:__main__:Error in contents
INFO:__main__:Ref id: 591463aefb15c81221c6fc5d
WARNING:__main__:Error in contents
INFO:__main__:Ref id: 591463aefb15c81221c7138e
WARNING:__main__:Error in contents
INFO:__main__:Ref id: 591463aefb15c81221c75473
WARNING:__main__:Error in contents
INFO:__main__:Ref id: 591463aefb15c81221c76b03
WARNING:__main__:Error in contents
INFO:__main__:Ref id: 591463aefb15c81221c76b71
WARNING:__main__:Error in contents
INFO:__main__:Ref id: 591463aefb15c81221c7c468
WARNING:__main__:Error in contents
INFO:__main__:Ref id: 591463aefb15c81221c7f501
WARNING:__main__:Error in contents
INFO:__main__:Ref id: 591463aefb15c81221c831ce
WARNING:__main__:Error in contents
INFO:__main__:Ref id: 591463aefb15c81221c83813
WARNING:__main__:Error in contents
INFO:__main__:Ref id: 591463aefb15c81221c88cd3
WARNING:__main__:Error in contents
INFO:__main__:Ref id: 591463aefb15c81221c88d48
WARNING:__main__:Error in contents
INFO:__main__:Ref id: 591463aefb15c81221c8939d
WARNING:__main__:Error in contents
INFO:__main__:Ref id: 591463affb15c81221c8b884
WARNING:__main__:Error in contents
INFO:__main__:Ref id: 591463affb15c81221c8b8e1
WARNING:__main__:Error in contents
INFO:__main__:Ref id: 591463affb15c81221c8e28f
WARNING:__main__:Error in contents
INFO:__main__:Ref id: 591463affb15c81221c90538
WARNING:__main__:Error in contents
INFO:__main__:Ref id: 591463affb15c81221c9104c
WARNING:__main__:Error in contents
INFO:__main__:Ref id: 591463affb15c81221c91066
WARNING:__main__:Error in contents
INFO:__main__:Ref id: 591463affb15c81221c91d0d
WARNING:__main__:Error in contents
INFO:__main__:Ref id: 591463affb15c81221c9e142
WARNING:__main__:Error in contents
INFO:__main__:Ref id: 591463affb15c81221c9e556
WARNING:__main__:Error in contents
INFO:__main__:Ref id: 591463b0fb15c81221cabff1
WARNING:__main__:Error in contents
INFO:__main__:Ref id: 591463b1fb15c81221cc759c
WARNING:__main__:Error in contents
INFO:__main__:Ref id: 591463b1fb15c81221ccebd1
WARNING:__main__:Error in contents
INFO:__main__:Ref id: 591463b1fb15c81221cd229f
WARNING:__main__:Error in contents
INFO:__main__:Ref id: 591463b1fb15c81221cd24bb
WARNING:__main__:Error in contents
INFO:__main__:Ref id: 591463b1fb15c81221cd2e90
WARNING:__main__:Error in contents
INFO:__main__:Ref id: 591463b1fb15c81221cd3643
WARNING:__main__:Error in contents
INFO:__main__:Ref id: 591463b1fb15c81221cd8d9c
WARNING:__main__:Error in contents
INFO:__main__:Ref id: 591463b1fb15c81221cd8f73
WARNING:__main__:Error in contents
INFO:__main__:Ref id: 591463b1fb15c81221cd9516
WARNING:__main__:Error in contents
INFO:__main__:Ref id: 591463b1fb15c81221cd9640
WARNING:__main__:Error in contents
INFO:__main__:Ref id: 591463b1fb15c81221cd9d47
WARNING:__main__:Error in contents
INFO:__main__:Ref id: 591463b1fb15c81221cd9d58
WARNING:__main__:Error in contents
INFO:__main__:Ref id: 591463adfb15c81221c59b59
WARNING:__main__:Error in contents
INFO:__main__:Ref id: 591463b1fb15c81221cda94a
WARNING:__main__:Error in contents
INFO:__main__:Ref id: 591463b1fb15c81221cdab84
WARNING:__main__:Error in contents
INFO:__main__:Ref id: 591463b1fb15c81221cdb6ff
WARNING:__main__:Error in contents
INFO:__main__:Ref id: 591463b1fb15c81221cdc7a4
WARNING:__main__:Error in contents
INFO:__main__:Ref id: 591463b1fb15c81221cdde5c
WARNING:__main__:Error in contents
INFO:__main__:Ref id: 591463b1fb15c81221ce0910
WARNING:__main__:Error in contents
INFO:__main__:Ref id: 591463b1fb15c81221ce0ab8
WARNING:__main__:Error in contents
INFO:__main__:Ref id: 591463b1fb15c81221ce0acd
WARNING:__main__:Error in contents
INFO:__main__:Ref id: 591463b1fb15c81221ce1588
WARNING:__main__:Error in contents
INFO:__main__:Ref id: 591463b1fb15c81221ce1be9
WARNING:__main__:Error in contents
INFO:__main__:Ref id: 591463b1fb15c81221ce3446
WARNING:__main__:Error in contents
INFO:__main__:Ref id: 591463b1fb15c81221ce3b89
WARNING:__main__:Error in contents
INFO:__main__:Ref id: 591463b2fb15c81221ce5608
WARNING:__main__:Error in contents
INFO:__main__:Ref id: 591463b2fb15c81221ce5901
WARNING:__main__:Error in contents
INFO:__main__:Ref id: 591463b2fb15c81221ce5b76
WARNING:__main__:Error in contents
INFO:__main__:Ref id: 591463b2fb15c81221ce5c8b
WARNING:__main__:Error in contents
INFO:__main__:Ref id: 591463b2fb15c81221ce622c
WARNING:__main__:Error in contents
INFO:__main__:Ref id: 591463b2fb15c81221ce635c
WARNING:__main__:Error in contents
INFO:__main__:Ref id: 591463b2fb15c81221ce6634
WARNING:__main__:Error in contents
INFO:__main__:Ref id: 591463b2fb15c81221ce684c
WARNING:__main__:Error in contents
INFO:__main__:Ref id: 591463b2fb15c81221ce6f9a
WARNING:__main__:Error in contents
INFO:__main__:Ref id: 591463b2fb15c81221ce72a2
WARNING:__main__:Error in contents
INFO:__main__:Ref id: 591463b2fb15c81221ce7524
WARNING:__main__:Error in contents
INFO:__main__:Ref id: 591463b2fb15c81221ce7eea
WARNING:__main__:Error in contents
INFO:__main__:Ref id: 591463b2fb15c81221ce8ca8
WARNING:__main__:Error in contents
INFO:__main__:Ref id: 591463b2fb15c81221ce956c
WARNING:__main__:Error in contents
INFO:__main__:Ref id: 591463b2fb15c81221cea405
WARNING:__main__:Error in contents
INFO:__main__:Ref id: 591463b2fb15c81221ceaac7
WARNING:__main__:Error in contents
INFO:__main__:Ref id: 591463b2fb15c81221ceac35
WARNING:__main__:Error in contents
INFO:__main__:Ref id: 591463b2fb15c81221ceb00f
WARNING:__main__:Error in contents
INFO:__main__:Ref id: 591463b2fb15c81221ceb514
WARNING:__main__:Error in contents
INFO:__main__:Ref id: 591463b2fb15c81221cec354
WARNING:__main__:Error in contents
INFO:__main__:Ref id: 591463b2fb15c81221cec39d
WARNING:__main__:Error in contents
INFO:__main__:Ref id: 591463b2fb15c81221ced21e
WARNING:__main__:Error in contents
INFO:__main__:Ref id: 591463b2fb15c81221ceda13
WARNING:__main__:Error in contents
INFO:__main__:Ref id: 591463b2fb15c81221ceda47
WARNING:__main__:Error in contents
INFO:__main__:Ref id: 591463b2fb15c81221cedec0
WARNING:__main__:Error in contents
INFO:__main__:Ref id: 591463b2fb15c81221cedf42
WARNING:__main__:Error in contents
INFO:__main__:Ref id: 591463b2fb15c81221cee872
WARNING:__main__:Error in contents
INFO:__main__:Ref id: 591463b2fb15c81221ceee02
WARNING:__main__:Error in contents
INFO:__main__:Ref id: 591463b2fb15c81221cefbe2
WARNING:__main__:Error in contents
INFO:__main__:Ref id: 591463b2fb15c81221cf0650
WARNING:__main__:Error in contents
INFO:__main__:Ref id: 591463b2fb15c81221cf072a
WARNING:__main__:Error in contents
INFO:__main__:Ref id: 591463b2fb15c81221cf107f
WARNING:__main__:Error in contents
INFO:__main__:Ref id: 591463b2fb15c81221cf10ea
WARNING:__main__:Error in contents
INFO:__main__:Ref id: 591463b2fb15c81221cf10fb
WARNING:__main__:Error in contents
INFO:__main__:Ref id: 591463b2fb15c81221cf139d
WARNING:__main__:Error in contents
INFO:__main__:Ref id: 591463b2fb15c81221cf14d9
WARNING:__main__:Error in contents
INFO:__main__:Ref id: 591463b2fb15c81221cf15e5
WARNING:__main__:Error in contents
INFO:__main__:Ref id: 591463b2fb15c81221cf16ad
WARNING:__main__:Error in contents
INFO:__main__:Ref id: 591463b2fb15c81221cf177f
WARNING:__main__:Error in contents
INFO:__main__:Ref id: 591463b2fb15c81221cf1da2
WARNING:__main__:Error in contents
INFO:__main__:Ref id: 591463b2fb15c81221cf2b89
WARNING:__main__:Error in contents
INFO:__main__:Ref id: 591463b2fb15c81221cf2d8e
WARNING:__main__:Error in contents
INFO:__main__:Ref id: 591463b2fb15c81221cf363f
WARNING:__main__:Error in contents
INFO:__main__:Ref id: 591463b2fb15c81221cf3b0a
WARNING:__main__:Error in contents
INFO:__main__:Ref id: 591463b2fb15c81221cf3baf
WARNING:__main__:Error in contents
INFO:__main__:Ref id: 591463b2fb15c81221cf3c14
WARNING:__main__:Error in contents
INFO:__main__:Ref id: 591463b2fb15c81221cf3c25
WARNING:__main__:Error in contents
INFO:__main__:Ref id: 591463b2fb15c81221cf3cfb
WARNING:__main__:Error in contents
INFO:__main__:Ref id: 591463b2fb15c81221cf3d84
WARNING:__main__:Error in contents
INFO:__main__:Ref id: 591463b2fb15c81221cf4e8b
WARNING:__main__:Error in contents
INFO:__main__:Ref id: 591463b2fb15c81221cf5a39
WARNING:__main__:Error in contents
INFO:__main__:Ref id: 591463b2fb15c81221cf5e4f
WARNING:__main__:Error in contents
INFO:__main__:Ref id: 591463b2fb15c81221cf6234
WARNING:__main__:Error in contents
INFO:__main__:Ref id: 591463b2fb15c81221cf6826
WARNING:__main__:Error in contents
INFO:__main__:Ref id: 591463b2fb15c81221cf685b
WARNING:__main__:Error in contents
INFO:__main__:Ref id: 591463b2fb15c81221cf6d79
WARNING:__main__:Error in contents
INFO:__main__:Ref id: 591463b2fb15c81221cf80b4
WARNING:__main__:Error in contents
INFO:__main__:Ref id: 591463b2fb15c81221cf8536
WARNING:__main__:Error in contents
INFO:__main__:Ref id: 591463b2fb15c81221cf85db
WARNING:__main__:Error in contents
INFO:__main__:Ref id: 591463b2fb15c81221cf8792
WARNING:__main__:Error in contents
INFO:__main__:Ref id: 591463b2fb15c81221cf9661
WARNING:__main__:Error in contents
INFO:__main__:Ref id: 591463b2fb15c81221cfa5b5
WARNING:__main__:Error in contents
INFO:__main__:Ref id: 591463b2fb15c81221cfb760
WARNING:__main__:Error in contents
INFO:__main__:Ref id: 591463b2fb15c81221cfb804
WARNING:__main__:Error in contents
INFO:__main__:Ref id: 591463b2fb15c81221cfc269
WARNING:__main__:Error in contents
INFO:__main__:Ref id: 591463b2fb15c81221cfc2b6
WARNING:__main__:Error in contents
INFO:__main__:Ref id: 591463b2fb15c81221cfc444
WARNING:__main__:Error in contents
INFO:__main__:Ref id: 591463b2fb15c81221cfcb68
WARNING:__main__:Error in contents
INFO:__main__:Ref id: 591463b2fb15c81221cfd502
WARNING:__main__:Error in contents
INFO:__main__:Ref id: 591463b2fb15c81221cfd596
WARNING:__main__:Error in contents
INFO:__main__:Ref id: 591463b2fb15c81221cfd5a0
WARNING:__main__:Error in contents
INFO:__main__:Ref id: 591463b2fb15c81221cfd5de
WARNING:__main__:Error in contents
INFO:__main__:Ref id: 591463b2fb15c81221cfddee
WARNING:__main__:Error in contents
INFO:__main__:Ref id: 591463b2fb15c81221cfdf57
WARNING:__main__:Error in contents
INFO:__main__:Ref id: 591463b2fb15c81221cfdf6e
WARNING:__main__:Error in contents
INFO:__main__:Ref id: 591463b2fb15c81221cfdfde
WARNING:__main__:Error in contents
INFO:__main__:Ref id: 591463b2fb15c81221cfe019
WARNING:__main__:Error in contents
INFO:__main__:Ref id: 591463b2fb15c81221cfe056
WARNING:__main__:Error in contents
INFO:__main__:Ref id: 591463b2fb15c81221cfe47b
WARNING:__main__:Error in contents
INFO:__main__:Ref id: 591463b2fb15c81221cfe4c2
WARNING:__main__:Error in contents
INFO:__main__:Ref id: 591463b2fb15c81221cfe4d5
WARNING:__main__:Error in contents
INFO:__main__:Ref id: 591463b2fb15c81221cfe4f3
WARNING:__main__:Error in contents
INFO:__main__:Ref id: 591463b2fb15c81221cffda5
WARNING:__main__:Error in contents
INFO:__main__:Ref id: 591463b2fb15c81221cffdef
WARNING:__main__:Error in contents
INFO:__main__:Ref id: 591463b2fb15c81221d00196
WARNING:__main__:Error in contents
INFO:__main__:Ref id: 591463b2fb15c81221d003cd
WARNING:__main__:Error in contents
INFO:__main__:Ref id: 591463b2fb15c81221d00aff
WARNING:__main__:Error in contents
INFO:__main__:Ref id: 591463b2fb15c81221d00db1
WARNING:__main__:Error in contents
INFO:__main__:Ref id: 591463b2fb15c81221d00ee2
WARNING:__main__:Error in contents
INFO:__main__:Ref id: 591463b2fb15c81221d00f21
WARNING:__main__:Error in contents
INFO:__main__:Ref id: 591463b2fb15c81221d01255
WARNING:__main__:Error in contents
INFO:__main__:Ref id: 591463b2fb15c81221d0142f
WARNING:__main__:Error in contents
INFO:__main__:Ref id: 591463b2fb15c81221d019da
WARNING:__main__:Error in contents
INFO:__main__:Ref id: 591463b2fb15c81221d01a13
WARNING:__main__:Error in contents
INFO:__main__:Ref id: 591463b2fb15c81221d01a36
WARNING:__main__:Error in contents
INFO:__main__:Ref id: 591463b2fb15c81221d01e04
WARNING:__main__:Error in contents
INFO:__main__:Ref id: 591463b2fb15c81221d0209d
WARNING:__main__:Error in contents
INFO:__main__:Ref id: 591463b3fb15c81221d026f5
WARNING:__main__:Error in contents
INFO:__main__:Ref id: 591463b3fb15c81221d02b5c
WARNING:__main__:Error in contents
INFO:__main__:Ref id: 591463b3fb15c81221d02e05
WARNING:__main__:Error in contents
INFO:__main__:Ref id: 591463b3fb15c81221d02efa
WARNING:__main__:Error in contents
INFO:__main__:Ref id: 591463b3fb15c81221d03056
WARNING:__main__:Error in contents
INFO:__main__:Ref id: 591463b3fb15c81221d030a9
WARNING:__main__:Error in contents
INFO:__main__:Ref id: 591463b3fb15c81221d034cb
WARNING:__main__:Error in contents
INFO:__main__:Ref id: 5919ba323dde9441cd0fc201
WARNING:__main__:Error in contents
INFO:__main__:Ref id: 5919ba323dde9441cd0fc256
WARNING:__main__:Error in contents
INFO:__main__:Ref id: 5919ba323dde9441cd0fc531
WARNING:__main__:Error in contents
INFO:__main__:Ref id: 5919ba323dde9441cd0fc759
WARNING:__main__:Error in contents
INFO:__main__:Ref id: 5919ba323dde9441cd0fe167
WARNING:__main__:Error in contents
INFO:__main__:Ref id: 5919ba323dde9441cd0fe340
WARNING:__main__:Error in contents
INFO:__main__:Ref id: 5919ba323dde9441cd0fe39c
WARNING:__main__:Error in contents
INFO:__main__:Ref id: 5919ba323dde9441cd0ffff4
WARNING:__main__:Error in contents
INFO:__main__:Ref id: 5919ba323dde9441cd100056
WARNING:__main__:Error in contents
INFO:__main__:Ref id: 5919ba323dde9441cd101183
WARNING:__main__:Error in contents
INFO:__main__:Ref id: 5919ba323dde9441cd1016f9
WARNING:__main__:Error in contents
INFO:__main__:Ref id: 5919ba323dde9441cd101f78
WARNING:__main__:Error in contents
INFO:__main__:Ref id: 5919ba323dde9441cd1024a8
WARNING:__main__:Error in contents
INFO:__main__:Ref id: 5919ba323dde9441cd1029d8
WARNING:__main__:Error in contents
INFO:__main__:Ref id: 5919ba323dde9441cd1034d7
WARNING:__main__:Error in contents
INFO:__main__:Ref id: 5919ba323dde9441cd105608
WARNING:__main__:Error in contents
INFO:__main__:Ref id: 5919ba323dde9441cd106a0e
WARNING:__main__:Error in contents
INFO:__main__:Ref id: 5919ba323dde9441cd106fef
WARNING:__main__:Error in contents
INFO:__main__:Ref id: 5919ba323dde9441cd1073d9
WARNING:__main__:Error in contents
INFO:__main__:Ref id: 5919ba333dde9441cd10aae5
WARNING:__main__:Error in contents
INFO:__main__:Ref id: 5919ba333dde9441cd10abea
WARNING:__main__:Error in contents
INFO:__main__:Ref id: 5919ba333dde9441cd10ace8
WARNING:__main__:Error in contents
INFO:__main__:Ref id: 5919ba333dde9441cd10b052
WARNING:__main__:Error in contents
INFO:__main__:Ref id: 5919ba333dde9441cd10c0f3
WARNING:__main__:Error in contents
INFO:__main__:Ref id: 5919ba333dde9441cd10c4a7
WARNING:__main__:Error in contents
INFO:__main__:Ref id: 5919ba333dde9441cd10d7ed
WARNING:__main__:Error in contents
INFO:__main__:Ref id: 5919ba333dde9441cd10d853
WARNING:__main__:Error in contents
INFO:__main__:Ref id: 5919ba333dde9441cd10e162
WARNING:__main__:Error in contents
INFO:__main__:Ref id: 5919ba333dde9441cd10e43c
WARNING:__main__:Error in contents
INFO:__main__:Ref id: 5919ba333dde9441cd10e6f5
WARNING:__main__:Error in contents
INFO:__main__:Ref id: 5919ba333dde9441cd10f343
WARNING:__main__:Error in contents
INFO:__main__:Ref id: 5919ba333dde9441cd110b5f
WARNING:__main__:Error in contents
INFO:__main__:Ref id: 5919ba333dde9441cd112082
WARNING:__main__:Error in contents
INFO:__main__:Ref id: 5919ba333dde9441cd1123f9
WARNING:__main__:Error in contents
INFO:__main__:Ref id: 5919ba333dde9441cd1125d2
WARNING:__main__:Error in contents
INFO:__main__:Ref id: 5919ba333dde9441cd112afd
WARNING:__main__:Error in contents
INFO:__main__:Ref id: 5919ba333dde9441cd113369
WARNING:__main__:Error in contents
INFO:__main__:Ref id: 5919ba383dde9441cd113727
WARNING:__main__:Error in contents
INFO:__main__:Ref id: 5919ba383dde9441cd113889
WARNING:__main__:Error in contents
INFO:__main__:Ref id: 5919ba383dde9441cd114a1a
WARNING:__main__:Error in contents
INFO:__main__:Ref id: 5919ba383dde9441cd114a38
WARNING:__main__:Error in contents
INFO:__main__:Ref id: 5919ba383dde9441cd11539f
WARNING:__main__:Error in contents
INFO:__main__:Ref id: 5919ba383dde9441cd11586a
WARNING:__main__:Error in contents
INFO:__main__:Ref id: 5919ba383dde9441cd115e9c
WARNING:__main__:Error in contents
INFO:__main__:Ref id: 5919ba383dde9441cd115ea7
WARNING:__main__:Error in contents
INFO:__main__:Ref id: 5919ba383dde9441cd115f3d
WARNING:__main__:Error in contents
INFO:__main__:Ref id: 5919ba383dde9441cd11631d
WARNING:__main__:Error in contents
INFO:__main__:Ref id: 5919ba383dde9441cd117441
WARNING:__main__:Error in contents
INFO:__main__:Ref id: 5919ba383dde9441cd1176a6
WARNING:__main__:Error in contents
INFO:__main__:Ref id: 5919ba383dde9441cd117b81
WARNING:__main__:Error in contents
INFO:__main__:Ref id: 5919ba383dde9441cd11840f
WARNING:__main__:Error in contents
INFO:__main__:Ref id: 5919ba383dde9441cd118461
WARNING:__main__:Error in contents
INFO:__main__:Ref id: 5919ba383dde9441cd1184a0
WARNING:__main__:Error in contents
INFO:__main__:Ref id: 5919ba383dde9441cd1184b0
WARNING:__main__:Error in contents
INFO:__main__:Ref id: 5919ba383dde9441cd119fb1
WARNING:__main__:Error in contents
INFO:__main__:Ref id: 5919ba383dde9441cd11a9e6
WARNING:__main__:Error in contents
INFO:__main__:Ref id: 5919ba383dde9441cd11b6eb
WARNING:__main__:Error in contents
INFO:__main__:Ref id: 5919ba383dde9441cd11b7cd
WARNING:__main__:Error in contents
INFO:__main__:Ref id: 5919ba383dde9441cd11bbbb
WARNING:__main__:Error in contents
INFO:__main__:Ref id: 5919ba383dde9441cd11cccb
WARNING:__main__:Error in contents
INFO:__main__:Ref id: 5919ba383dde9441cd11d04a
WARNING:__main__:Error in contents
INFO:__main__:Ref id: 5919ba383dde9441cd11d30d
WARNING:__main__:Error in contents
INFO:__main__:Ref id: 5919ba383dde9441cd11d878
WARNING:__main__:Error in contents
INFO:__main__:Ref id: 5919ba383dde9441cd11d8e9
WARNING:__main__:Error in contents
INFO:__main__:Ref id: 5919ba383dde9441cd11da61
WARNING:__main__:Error in contents
INFO:__main__:Ref id: 5919ba383dde9441cd11edc8
WARNING:__main__:Error in contents
INFO:__main__:Ref id: 5919ba383dde9441cd11ef7a
WARNING:__main__:Error in contents
INFO:__main__:Ref id: 5919ba383dde9441cd11f154
WARNING:__main__:Error in contents
INFO:__main__:Ref id: 5919ba383dde9441cd11f1c6
WARNING:__main__:Error in contents
INFO:__main__:Ref id: 5919ba383dde9441cd120d22
WARNING:__main__:Error in contents
INFO:__main__:Ref id: 5919ba383dde9441cd1228a0
WARNING:__main__:Error in contents
INFO:__main__:Ref id: 5919ba383dde9441cd122a58
WARNING:__main__:Error in contents
INFO:__main__:Ref id: 5919ba383dde9441cd1232bc
WARNING:__main__:Error in contents
INFO:__main__:Ref id: 5919ba383dde9441cd123d84
WARNING:__main__:Error in contents
INFO:__main__:Ref id: 5919ba383dde9441cd123dcd
WARNING:__main__:Error in contents
INFO:__main__:Ref id: 5919ba383dde9441cd123fbe
WARNING:__main__:Error in contents
INFO:__main__:Ref id: 5919ba383dde9441cd1250e1
WARNING:__main__:Error in contents
INFO:__main__:Ref id: 5919ba383dde9441cd125463
WARNING:__main__:Error in contents
INFO:__main__:Ref id: 5919ba383dde9441cd126186
WARNING:__main__:Error in contents
INFO:__main__:Ref id: 5919ba383dde9441cd126b32
WARNING:__main__:Error in contents
INFO:__main__:Ref id: 58e4ce00fe7683152b5665c0
WARNING:__main__:Error in contents
INFO:__main__:Ref id: 591463acfb15c81221c3b3ed
WARNING:__main__:Error in contents
INFO:__main__:Ref id: 591463adfb15c81221c6098e
WARNING:__main__:Error in contents
INFO:__main__:Ref id: 591463adfb15c81221c699f8
WARNING:__main__:Error in contents
INFO:__main__:Ref id: 591463aefb15c81221c6e4e0
WARNING:__main__:Error in contents
INFO:__main__:Ref id: 591463aefb15c81221c6f888
WARNING:__main__:Error in contents
INFO:__main__:Ref id: 591463aefb15c81221c7439f
WARNING:__main__:Error in contents
INFO:__main__:Ref id: 591463aefb15c81221c76f14
WARNING:__main__:Error in contents
INFO:__main__:Ref id: 591463affb15c81221c9104c
WARNING:__main__:Error in contents
INFO:__main__:Ref id: 591463b1fb15c81221cd8d9c
WARNING:__main__:Error in contents
INFO:__main__:Ref id: 591463b1fb15c81221ce0ab8
WARNING:__main__:Error in contents
INFO:__main__:Ref id: 591463b2fb15c81221cf16ad
WARNING:__main__:Error in contents
INFO:__main__:Ref id: 591463b2fb15c81221cf363f
WARNING:__main__:Error in contents
INFO:__main__:Ref id: 591463b2fb15c81221cf3cfb
WARNING:__main__:Error in contents
INFO:__main__:Ref id: 591463b2fb15c81221cf85db
WARNING:__main__:Error in contents
INFO:__main__:Ref id: 591463b2fb15c81221cfddee
WARNING:__main__:Error in contents
INFO:__main__:Ref id: 591463b2fb15c81221cfdf57
WARNING:__main__:Error in contents
INFO:__main__:Ref id: 591463b2fb15c81221cfdf6e
WARNING:__main__:Error in contents
INFO:__main__:Ref id: 591463b2fb15c81221cfdfde
WARNING:__main__:Error in contents
INFO:__main__:Ref id: 591463b2fb15c81221cfe019
WARNING:__main__:Error in contents
INFO:__main__:Ref id: 591463b2fb15c81221d01255
WARNING:__main__:Error in contents
INFO:__main__:Ref id: 591463b3fb15c81221d03056
WARNING:__main__:Error in contents
INFO:__main__:Ref id: 5919ba323dde9441cd105608
WARNING:__main__:Error in contents
INFO:__main__:Ref id: 5919ba333dde9441cd1125d2
WARNING:__main__:Error in contents
INFO:__main__:Ref id: 5919ba383dde9441cd1228a0
WARNING:__main__:Error in contents
INFO:__main__:Ref id: 5919ba383dde9441cd1232bc
INFO:__main__:Updated 875741 references
INFO:__main__:Read configuration file.
INFO:__main__:Loaded 655 documents
INFO:__main__:Updated 926641 references
INFO:__main__:Read configuration file.
INFO:__main__:Loaded 655 documents
INFO:__main__:Read configuration file.
INFO:__main__:Loaded 655 documents
INFO:__main__:Read configuration file.
INFO:__main__:Loaded 655 documents
INFO:__main__:Read configuration file.
INFO:__main__:Loaded 655 documents
INFO:__main__:Updated 826911 references
